<?xml version="1.0" encoding="UTF-8"?>
<testsuite name="As a supplier, I need to create new products" tests="1" skipped="0" failures="0" errors="0" timestamp="2024-11-12T23:11:11" hostname="DESKTOP-6A9V7P8" time="3.722">
  <properties/>
  <testcase name="Create a new product" classname="As a supplier, I need to create new products" time="3.722"/>
  <system-out><![CDATA[]]></system-out>
  <system-err><![CDATA[[Test worker] INFO  - 
  _____   ___   ___   _____     ___   _____     _     ___   _____   ___   ___  
 |_   _| | __| / __| |_   _|   / __| |_   _|   /_\   | _ \ |_   _| | __| |   \ 
   | |   | _|  \__ \   | |     \__ \   | |    / _ \  |   /   | |   | _|  | |) |
   |_|   |___| |___/   |_|     |___/   |_|   /_/ \_\ |_|_\   |_|   |___| |___/ 

Create a new product(as-a-supplier--i-need-to-create-new-products;create-a-new-product)
--------------------------------------------------------------------------------
[Test worker] INFO  - 
  _____   ___   ___   _____     ___     _     ___   ___   ___   ___  
 |_   _| | __| / __| |_   _|   | _ \   /_\   / __| / __| | __| |   \ 
   | |   | _|  \__ \   | |     |  _/  / _ \  \__ \ \__ \ | _|  | |) |
   |_|   |___| |___/   |_|     |_|   /_/ \_\ |___/ |___/ |___| |___/ 

Create a new product
----------------------------------------------------------------------
]]></system-err>
</testsuite>
