<?xml version="1.0" encoding="UTF-8"?>
<testsuite name="Retrieve a product by invalid ID" tests="1" skipped="0" failures="0" errors="0" timestamp="2024-11-12T23:11:17" hostname="DESKTOP-6A9V7P8" time="0.749">
  <properties/>
  <testcase name="Attempt to retrieve a product with an invalid ID" classname="Retrieve a product by invalid ID" time="0.749"/>
  <system-out><![CDATA[]]></system-out>
  <system-err><![CDATA[[Test worker] INFO  - 
  _____   ___   ___   _____     ___   _____     _     ___   _____   ___   ___  
 |_   _| | __| / __| |_   _|   / __| |_   _|   /_\   | _ \ |_   _| | __| |   \ 
   | |   | _|  \__ \   | |     \__ \   | |    / _ \  |   /   | |   | _|  | |) |
   |_|   |___| |___/   |_|     |___/   |_|   /_/ \_\ |_|_\   |_|   |___| |___/ 

Attempt to retrieve a product with an invalid ID(retrieve-a-product-by-invalid-id;attempt-to-retrieve-a-product-with-an-invalid-id)
--------------------------------------------------------------------------------
[Test worker] INFO  - 
  _____   ___   ___   _____     ___     _     ___   ___   ___   ___  
 |_   _| | __| / __| |_   _|   | _ \   /_\   / __| / __| | __| |   \ 
   | |   | _|  \__ \   | |     |  _/  / _ \  \__ \ \__ \ | _|  | |) |
   |_|   |___| |___/   |_|     |_|   /_/ \_\ |___/ |___/ |___| |___/ 

Attempt to retrieve a product with an invalid ID
----------------------------------------------------------------------
]]></system-err>
</testsuite>
