<?xml version="1.0" encoding="UTF-8"?>
<testsuite name="As a user, I want to retrieve all existing products" tests="1" skipped="0" failures="0" errors="0" timestamp="2024-11-12T23:11:15" hostname="DESKTOP-6A9V7P8" time="0.948">
  <properties/>
  <testcase name="Get all products" classname="As a user, I want to retrieve all existing products" time="0.948"/>
  <system-out><![CDATA[]]></system-out>
  <system-err><![CDATA[[Test worker] INFO  - 
  _____   ___   ___   _____     ___   _____     _     ___   _____   ___   ___  
 |_   _| | __| / __| |_   _|   / __| |_   _|   /_\   | _ \ |_   _| | __| |   \ 
   | |   | _|  \__ \   | |     \__ \   | |    / _ \  |   /   | |   | _|  | |) |
   |_|   |___| |___/   |_|     |___/   |_|   /_/ \_\ |_|_\   |_|   |___| |___/ 

Get all products(as-a-user--i-want-to-retrieve-all-existing-products;get-all-products)
--------------------------------------------------------------------------------
[Test worker] INFO  - 
  _____   ___   ___   _____     ___     _     ___   ___   ___   ___  
 |_   _| | __| / __| |_   _|   | _ \   /_\   / __| / __| | __| |   \ 
   | |   | _|  \__ \   | |     |  _/  / _ \  \__ \ \__ \ | _|  | |) |
   |_|   |___| |___/   |_|     |_|   /_/ \_\ |___/ |___/ |___| |___/ 

Get all products
----------------------------------------------------------------------
]]></system-err>
</testsuite>
