<?xml version="1.0" encoding="UTF-8"?>
<testsuite name="As a supplier, I want to retrieve a product by its ID" tests="1" skipped="0" failures="0" errors="0" timestamp="2024-11-12T23:11:16" hostname="DESKTOP-6A9V7P8" time="0.782">
  <properties/>
  <testcase name="Retrieve a product by ID" classname="As a supplier, I want to retrieve a product by its ID" time="0.782"/>
  <system-out><![CDATA[]]></system-out>
  <system-err><![CDATA[[Test worker] INFO  - 
  _____   ___   ___   _____     ___   _____     _     ___   _____   ___   ___  
 |_   _| | __| / __| |_   _|   / __| |_   _|   /_\   | _ \ |_   _| | __| |   \ 
   | |   | _|  \__ \   | |     \__ \   | |    / _ \  |   /   | |   | _|  | |) |
   |_|   |___| |___/   |_|     |___/   |_|   /_/ \_\ |_|_\   |_|   |___| |___/ 

Retrieve a product by ID(as-a-supplier--i-want-to-retrieve-a-product-by-its-id;retrieve-a-product-by-id)
--------------------------------------------------------------------------------
[Test worker] INFO  - 
  _____   ___   ___   _____     ___     _     ___   ___   ___   ___  
 |_   _| | __| / __| |_   _|   | _ \   /_\   / __| / __| | __| |   \ 
   | |   | _|  \__ \   | |     |  _/  / _ \  \__ \ \__ \ | _|  | |) |
   |_|   |___| |___/   |_|     |_|   /_/ \_\ |___/ |___/ |___| |___/ 

Retrieve a product by ID
----------------------------------------------------------------------
]]></system-err>
</testsuite>
