<?xml version="1.0" encoding="UTF-8"?>
<testsuite name="co.com.udea.certificacion.checkinA.runners.GetProductByIdRunner" tests="0" skipped="0" failures="0" errors="0" timestamp="1970-01-01T00:00:00" hostname="DESKTOP-6A9V7P8" time="0.0">
  <properties/>
  <system-out><![CDATA[]]></system-out>
  <system-err><![CDATA[[Test worker] INFO  - Test Suite Started: As a supplier, I want to retrieve a product by its ID
[Test worker] INFO  - Test Suite Started: As a supplier, I want to retrieve a product by its ID
]]></system-err>
</testsuite>
